<?xml version="1.0" encoding="UTF-8"?>
<!-- Generated by org.testng.reporters.JUnitXMLReporter -->
<testsuite ignored="0" hostname="DESKTOP-PC4C8R1" failures="0" tests="3" name="Default test" time="46.348" errors="0" timestamp="2023-07-26T15:21:55 ICT">
  <testcase classname="eCommerceProject.Flipkart" name="flipkartTest" time="19.12"/>
  <testcase classname="eCommerceProject.Ajio" name="ajioTest" time="15.839"/>
  <testcase classname="eCommerceProject.Amazon" name="amazontest" time="11.266"/>
</testsuite> <!-- Default test -->
