<?xml version="1.0" encoding="UTF-8"?>
<testng-results ignored="0" total="3" passed="3" failed="0" skipped="0">
  <reporter-output>
    <line>
      <![CDATA[opening Flipkart]]>
    </line>
    <line>
      <![CDATA[opening Ajio]]>
    </line>
    <line>
      <![CDATA[opening amazon]]>
    </line>
  </reporter-output>
  <suite started-at="2023-07-26T15:21:08 ICT" name="Default suite" finished-at="2023-07-26T15:21:55 ICT" duration-ms="46348">
    <groups>
    </groups>
    <test started-at="2023-07-26T15:21:08 ICT" name="Default test" finished-at="2023-07-26T15:21:55 ICT" duration-ms="46348">
      <class name="eCommerceProject.Flipkart">
        <test-method signature="flipkartTest()[pri:0, instance:eCommerceProject.Flipkart@7b9a4292]" started-at="2023-07-26T15:21:08 ICT" name="flipkartTest" finished-at="2023-07-26T15:21:28 ICT" duration-ms="19120" status="PASS">
          <reporter-output>
            <line>
              <![CDATA[opening Flipkart]]>
            </line>
          </reporter-output>
        </test-method> <!-- flipkartTest -->
      </class> <!-- eCommerceProject.Flipkart -->
      <class name="eCommerceProject.Ajio">
        <test-method signature="ajioTest()[pri:0, instance:eCommerceProject.Ajio@7ec7ffd3]" started-at="2023-07-26T15:21:28 ICT" name="ajioTest" finished-at="2023-07-26T15:21:43 ICT" duration-ms="15839" status="PASS">
          <reporter-output>
            <line>
              <![CDATA[opening Ajio]]>
            </line>
          </reporter-output>
        </test-method> <!-- ajioTest -->
      </class> <!-- eCommerceProject.Ajio -->
      <class name="eCommerceProject.Amazon">
        <test-method signature="amazontest()[pri:0, instance:eCommerceProject.Amazon@5b239d7d]" started-at="2023-07-26T15:21:43 ICT" name="amazontest" finished-at="2023-07-26T15:21:55 ICT" duration-ms="11266" status="PASS">
          <reporter-output>
            <line>
              <![CDATA[opening amazon]]>
            </line>
          </reporter-output>
        </test-method> <!-- amazontest -->
      </class> <!-- eCommerceProject.Amazon -->
    </test> <!-- Default test -->
  </suite> <!-- Default suite -->
</testng-results>
